Info 0    [12:12:13.090] Starting TS Server
Info 1    [12:12:13.090] Platform: darwin NodeVersion: v20.18.0 CaseSensitive: false
Info 2    [12:12:13.090] ServerMode: 0
Info 3    [12:12:13.256] getConfigFileNameForFile:: File: /Users/johnchmura/code/lpc-language-server/efuns/fluffos/numbers.h ProjectRootPath: undefined:: Result: /Users/johnchmura/code/lpc-language-server/efuns/fluffos/lpc-config.json
Info 4    [12:12:13.256] Creating configuration project /Users/johnchmura/code/lpc-language-server/efuns/fluffos/lpc-config.json
Info 5    [12:12:13.264] Config: /Users/johnchmura/code/lpc-language-server/efuns/fluffos/lpc-config.json : {
 "rootNames": 25,
 "options": {
  "configFilePath": "/Users/johnchmura/code/lpc-language-server/efuns/fluffos/lpc-config.json",
  "rootDir": "/Users/johnchmura/code/lpc-language-server/efuns/fluffos/",
  "rootDirs": [
   "/Users/johnchmura/code/lpc-language-server/efuns/fluffos/"
  ],
  "driverType": 1,
  "diagnostics": false,
  "sefunFile": "/Users/johnchmura/code/lpc-language-server/efuns/fluffos/obj/sefun.c",
  "masterFile":Info 8    [12:12:13.426] Starting updateGraphWorker: Project: /dev/null/inferredProject2*
Info 9    [12:12:13.426] Finishing updateGraphWorker: Project: /dev/null/inferredProject2* projectStateVersion: 1 projectProgramVersion: 0 structureChanged: false Elapsed: 0.005499999999983629ms
Info 10   [12:12:13.426] Project '/dev/null/inferredProject2*' (Inferred)
Info 11   [12:12:13.426] 	Files (0) NoProgram

Info 12   [12:12:13.426] -----------------------------------------------
Info 13   [12:12:13.426] Project '/dev/null/inferredProject1*' (Inferred)
Info 13   [12:12:13.427] 	Files (0) NoProgram

Info 13   [12:12:13.427] -----------------------------------------------
Info 13   [12:12:13.427] Project '/dev/null/inferredProject2*' (Inferred)
Info 13   [12:12:13.427] 	Files (0) NoProgram

Info 13   [12:12:13.427] -----------------------------------------------
Info 13   [12:12:13.427] Open files: 
Info 13   [12:12:13.427] 	FileName: /Users/johnchmura/code/lpc-language-server/efuns/fluffos/numbers.h ProjectRootPath: undefined
Info 13   [12:12:13.427] 		Projects: /dev/null/inferredProject1*
Info 13   [12:12:13.427] 	FileName: /Users/johnchmura/code/lpc-language-server/efuns/ldmud/efun.h ProjectRootPath: undefined
Info 13   [12:12:13.427] 		Projects: /dev/null/inferredProject2*
Info 13   [12:12:13.430] Starting updaInfo 11   [12:12:13.642] getConfigFileNameForFile:: File: /Users/johnchmura/code/lpc-language-server/efuns/ldmud/efun.h ProjectRootPath: undefined:: Result: /Users/johnchmura/code/lpc-language-server/efuns/ldmud/lpc-config.json
Info 12   [12:12:13.642] Creating configuration project /Users/johnchmura/code/lpc-language-server/efuns/ldmud/lpc-config.json
Info 13   [12:12:13.643] Config: /Users/johnchmura/code/lpc-language-server/efuns/ldmud/lpc-config.json : {
 "rootNames": 3,
 "options": {
  "configFilePath": "/Users/johnchmura/code/lpc-language-server/efuns/ldmud/lpc-config.json",
  "rootDir": "/Users/johnchmura/code/lpc-language-server/efuns/ldmud/",
  "rootDirs": [
   "/Users/johnchmura/code/lpc-language-server/efuns/ldmud/"
  ],
  "driverType": 0,
  "diagnostics": false,
  "sefunFile": "/Users/johnchmura/code/lpc-language-server/efuns/ldmud/obj/sefun.c",
  "masterFile": "/Users/johnchmura/code/lpc-language-server/efuns/ldmud/obj/master.c",
  "playerFile": "/Users/johnchmura/code/lpc-language-server/efuns/ldmud/obj/player.c",
  "configDefines": {}
 }
}
Info 14   [12:12:13.644] Starting updateGraphWorker: Project: /Users/johnchmura/code/lpc-language-server/efuns/ldmud/lpc-config.json
Info 15   [12:12:13.775] Finishing updateGraphWorker: Project: /Users/johnchmura/code/lpc-language-server/efuns/ldmud/lpc-config.json projectStateVersion: 1 projectProgramVersion: 0 structureChanged: true structureIsReused:: Not Elapsed: 130.84904199999994ms
Info 16   [12:12:13.775] Project '/Users/johnchmura/code/lpc-language-server/efuns/ldmud/lpc-config.json' (Configured)
Info 17   [12:12:13.775] 	Files (3)

Info 18   [12:12:13.775] -----------------------------------------------
Info 19   [12:12:13.775] Project '/Users/johnchmura/code/lpc-language-server/efuns/fluffos/lpc-config.json' (Configured)
Info 19   [12:12:13.775] 	Files (25)

Info 19   [12:12:13.775] -----------------------------------------------
Info 19   [12:12:13.775] Project '/Users/johnchmura/code/lpc-language-server/efuns/ldmud/lpc-config.json' (Configured)
Info 19   [12:12:13.775] 	Files (3)

Info 19   [12:12:13.775] -----------------------------------------------
Info 19   [12:12:13.775] Open files: 
Info 19   [12:12:13.775] 	FileName: /Users/johnchmura/code/lpc-language-server/efuns/fluffos/numbers.h ProjectRootPath: undefined
Info 19   [12:12:13.775] 		Projects: /Users/johnchmura/code/lpc-language-server/efuns/fluffos/lpc-config.json
Info 19   [12:12:13.775] 	FileName: /Users/johnchmura/code/lpc-language-server/efuns/ldmud/efun.h ProjectRootPath: undefined
Info 19   [12:12:13.775] 		Projects: /Users/johnchmura/code/lpc-language-server/efuns/ldmud/lpc-config.json
Err 19    [12:12:13.886] Exception on executing command delayed processing of request 3:

    Debug Failure. False expression: This failure could trigger https://github.com/Microsoft/TypeScript/issues/20809

    Error: Debug Failure. False expression: This failure could trigger https://github.com/Microsoft/TypeScript/issues/20809
        at getErrorSpanForNode (/Users/johnchmura/.vscode/extensions/jlchmura.lpc-1.1.1/server/src/compiler/utilities.ts:707:15)
        at createDiagnosticForNodeInSourceFile (/Users/johnchmura/.vscode/extensions/jlchmura.lpc-1.1.1/server/src/compiler/utilities.ts:723:18)
        at createDiagnosticForNode (/Users/johnchmura/.vscode/extensions/jlchmura.lpc-1.1.1/server/src/compiler/utilities.ts:1687:12)
        at createError (/Users/johnchmura/.vscode/extensions/jlchmura.lpc-1.1.1/server/src/compiler/checker.ts:1277:15)
        at error (/Users/johnchmura/.vscode/extensions/jlchmura.lpc-1.1.1/server/src/compiler/checker.ts:1282:28)
        at resolveExternalModule (/Users/johnchmura/.vscode/extensions/jlchmura.lpc-1.1.1/server/src/compiler/checker.ts:17953:25)
        at resolveExternalModuleNameWorker (/Users/johnchmura/.vscode/extensions/jlchmura.lpc-1.1.1/server/src/compiler/checker.ts:17793:20)
        at resolveExternalModuleName (/Users/johnchmura/.vscode/extensions/jlchmura.lpc-1.1.1/server/src/compiler/checker.ts:17783:16)
        at getTypeFromLiteralTypeNode (/Users/johnchmura/.vscode/extensions/jlchmura.lpc-1.1.1/server/src/compiler/checker.ts:4168:38)
        at getTypeFromTypeNodeWorker (/Users/johnchmura/.vscode/extensions/jlchmura.lpc-1.1.1/server/src/compiler/checker.ts:4434:24)
        at getTypeFromTypeNode (/Users/johnchmura/.vscode/extensions/jlchmura.lpc-1.1.1/server/src/compiler/checker.ts:4150:45)
        at getReturnTypeFromAnnotation (/Users/johnchmura/.vscode/extensions/jlchmura.lpc-1.1.1/server/src/compiler/checker.ts:4132:20)
        at checkFunctionOrMethodDeclaration (/Users/johnchmura/.vscode/extensions/jlchmura.lpc-1.1.1/server/src/compiler/checker.ts:3971:63)
        at checkFunctionDeclarationDiagnostics (/Users/johnchmura/.vscode/extensions/jlchmura.lpc-1.1.1/server/src/compiler/checker.ts:3914:13)
        at addLazyDiagnostic (/Users/johnchmura/.vscode/extensions/jlchmura.lpc-1.1.1/server/src/compiler/checker.ts:13264:35)
        at checkFunctionDeclaration (/Users/johnchmura/.vscode/extensions/jlchmura.lpc-1.1.1/server/src/compiler/checker.ts:3911:9)
        at checkSourceElementWorker (/Users/johnchmura/.vscode/extensions/jlchmura.lpc-1.1.1/server/src/compiler/checker.ts:2925:24)
        at checkSourceElement (/Users/johnchmura/.vscode/extensions/jlchmura.lpc-1.1.1/server/src/compiler/checker.ts:2789:13)
        at forEach (/Users/johnchmura/.vscode/extensions/jlchmura.lpc-1.1.1/server/src/compiler/core.ts:437:28)
        at checkSourceFileWorker (/Users/johnchmura/.vscode/extensions/jlchmura.lpc-1.1.1/server/src/compiler/checker.ts:10416:13)
        at checkSourceFile (/Users/johnchmura/.vscode/extensions/jlchmura.lpc-1.1.1/server/src/compiler/checker.ts:1819:73)
        at checkSourceFileWithEagerDiagnostics (/Users/johnchmura/.vscode/extensions/jlchmura.lpc-1.1.1/server/src/compiler/checker.ts:13265:9)
        at getDiagnosticsWorker (/Users/johnchmura/.vscode/extensions/jlchmura.lpc-1.1.1/server/src/compiler/checker.ts:1785:13)
        at Object.getDiagnostics (/Users/johnchmura/.vscode/extensions/jlchmura.lpc-1.1.1/server/src/compiler/checker.ts:1769:20)
        at <anonymous> (/Users/johnchmura/.vscode/extensions/jlchmura.lpc-1.1.1/server/src/compiler/program.ts:656:48)
        at runWithCancellationToken (/Users/johnchmura/.vscode/extensions/jlchmura.lpc-1.1.1/server/src/compiler/program.ts:707:20)
        at getBindAndCheckDiagnosticsForFileNoCache (/Users/johnchmura/.vscode/extensions/jlchmura.lpc-1.1.1/server/src/compiler/program.ts:640:16)
        at getAndCacheDiagnostics (/Users/johnchmura/.vscode/extensions/jlchmura.lpc-1.1.1/server/src/compiler/program.ts:695:24)
        at getBindAndCheckDiagnosticsForFile (/Users/johnchmura/.vscode/extensions/jlchmura.lpc-1.1.1/server/src/compiler/program.ts:535:16)
        at getSemanticDiagnosticsForFile (/Users/johnchmura/.vscode/extensions/jlchmura.lpc-1.1.1/server/src/compiler/program.ts:479:39)
        at getDiagnosticsHelper (/Users/johnchmura/.vscode/extensions/jlchmura.lpc-1.1.1/server/src/compiler/program.ts:732:50)
        at Object.getSemanticDiagnostics (/Users/johnchmura/.vscode/extensions/jlchmura.lpc-1.1.1/server/src/compiler/program.ts:474:16)
        at Object.getSemanticDiagnostics (/Users/johnchmura/.vscode/extensions/jlchmura.lpc-1.1.1/server/src/services/services.ts:1518:45)
        at LspSession.semanticCheck (/Users/johnchmura/.vscode/extensions/jlchmura.lpc-1.1.1/server/src/server/session.ts:481:52)
        at <anonymous> (/Users/johnchmura/.vscode/extensions/jlchmura.lpc-1.1.1/server/src/server/session.ts:441:44)
        at MultistepOperation.executeAction (/Users/johnchmura/.vscode/extensions/jlchmura.lpc-1.1.1/server/src/server/session.ts:1377:17)
        at <anonymous> (/Users/johnchmura/.vscode/extensions/jlchmura.lpc-1.1.1/server/src/server/session.ts:1348:79)
        at LspSession.executeWithRequestId (/Users/johnchmura/.vscode/extensions/jlchmura.lpc-1.1.1/server/src/server/session.ts:200:20)
        at Object.executeWithRequestId (/Users/johnchmura/.vscode/extensions/jlchmura.lpc-1.1.1/server/src/server/session.ts:105:63)
        at Immediate._onImmediate (/Users/johnchmura/.vscode/extensions/jlchmura.lpc-1.1.1/server/src/server/session.ts:1348:36)
        at process.processImmediate (node:internal/timers:485:21)
Info 20   [12:12:13.887] getConfigFileNameForFile:: File: /Users/johnchmura/code/lpc-language-server/efuns/fluffos/interactive.h ProjectRootPath: undefined:: Result: /Users/johnchmura/code/lpc-language-server/efuns/fluffos/lpc-config.json
Info 21   [12:12:13.887] Project '/Users/johnchmura/code/lpc-language-server/efuns/fluffos/lpc-config.json' (Configured)
Info 21   [12:12:13.887] 	Files (25)

Info 21   [12:12:13.887] -----------------------------------------------
Info 21   [12:12:13.887] Project '/Users/johnchmura/code/lpc-language-server/efuns/ldmud/lpc-config.json' (Configured)
Info 21   [12:12:13.887] 	Files (3)

Info 21   [12:12:13.887] -----------------------------------------------
Info 21   [12:12:13.887] Open files: 
Info 21   [12:12:13.887] 	FileName: /Users/johnchmura/code/lpc-language-server/efuns/fluffos/numbers.h ProjectRootPath: undefined
Info 21   [12:12:13.887] 		Projects: /Users/johnchmura/code/lpc-language-server/efuns/fluffos/lpc-config.json
Info 21   [12:12:13.887] 	FileName: /Users/johnchmura/code/lpc-language-server/efuns/ldmud/efun.h ProjectRootPath: undefined
Info 21   [12:12:13.887] 		Projects: /Users/johnchmura/code/lpc-language-server/efuns/ldmud/lpc-config.json
Info 21   [12:12:13.887] 	FileName: /Users/johnchmura/code/lpc-language-server/efuns/fluffos/interactive.h ProjectRootPath: undefined
Info 21   [12:12:13.887] 		Projects: /Users/johnchmura/code/lpc-language-server/efuns/fluffos/lpc-config.json
Info 21   [12:12:13.888] getConfigFileNameForFile:: File: /Users/johnchmura/code/lpc-language-server/efuns/fluffos/mudlib.h ProjectRootPath: undefined:: Result: /Users/johnchmura/code/lpc-language-server/efuns/fluffos/lpc-config.json
Info 22   [12:12:13.889] Project '/Users/johnchmura/code/lpc-language-server/efuns/fluffos/lpc-config.json' (Configured)
Info 22   [12:12:13.889] 	Files (25)

Info 22   [12:12:13.889] -----------------------------------------------
Info 22   [12:12:13.889] Project '/Users/johnchmura/code/lpc-language-server/efuns/ldmud/lpc-config.json' (Configured)
Info 22   [12:12:13.889] 	Files (3)

Info 22   [12:12:13.889] -----------------------------------------------
Info 22   [12:12:13.889] Open files: 
Info 22   [12:12:13.889] 	FileName: /Users/johnchmura/code/lpc-language-server/efuns/fluffos/numbers.h ProjectRootPath: undefined
Info 22   [12:12:13.889] 		Projects: /Users/johnchmura/code/lpc-language-server/efuns/fluffos/lpc-config.json
Info 22   [12:12:13.889] 	FileName: /Users/johnchmura/code/lpc-language-server/efuns/ldmud/efun.h ProjectRootPath: undefined
Info 22   [12:12:13.889] 		Projects: /Users/johnchmura/code/lpc-language-server/efuns/ldmud/lpc-config.json
Info 22   [12:12:13.889] 	FileName: /Users/johnchmura/code/lpc-language-server/efuns/fluffos/interactive.h ProjectRootPath: undefined
Info 22   [12:12:13.889] 		Projects: /Users/johnchmura/code/lpc-language-server/efuns/fluffos/lpc-config.json
Info 22   [12:12:13.889] 	FileName: /Users/johnchmura/code/lpc-language-server/efuns/fluffos/mudlib.h ProjectRootPath: undefined
Info 22   [12:12:13.889] 		Projects: /Users/johnchmura/code/lpc-language-server/efuns/fluffos/lpc-config.json
Info 22   [12:12:13.889] getConfigFileNameForFile:: File: /Users/johnchmura/code/lpc-language-server/efuns/fluffos/misc.h ProjectRootPath: undefined:: Result: /Users/johnchmura/code/lpc-language-server/efuns/fluffos/lpc-config.json
Info 23   [12:12:13.889] Project '/Users/johnchmura/code/lpc-language-server/efuns/fluffos/lpc-config.json' (Configured)
Info 23   [12:12:13.889] 	Files (25)

Info 23   [12:12:13.889] -----------------------------------------------
Info 23   [12:12:13.889] Project '/Users/johnchmura/code/lpc-language-server/efuns/ldmud/lpc-config.json' (Configured)
Info 23   [12:12:13.889] 	Files (3)

Info 23   [12:12:13.889] -----------------------------------------------
Info 23   [12:12:13.889] Open files: 
Info 23   [12:12:13.889] 	FileName: /Users/johnchmura/code/lpc-language-server/efuns/fluffos/numbers.h ProjectRootPath: undefined
Info 23   [12:12:13.889] 		Projects: /Users/johnchmura/code/lpc-language-server/efuns/fluffos/lpc-config.json
Info 23   [12:12:13.889] 	FileName: /Users/johnchmura/code/lpc-language-server/efuns/ldmud/efun.h ProjectRootPath: undefined
Info 23   [12:12:13.889] 		Projects: /Users/johnchmura/code/lpc-language-server/efuns/ldmud/lpc-config.json
Info 23   [12:12:13.889] 	FileName: /Users/johnchmura/code/lpc-language-server/efuns/fluffos/interactive.h ProjectRootPath: undefined
Info 23   [12:12:13.889] 		Projects: /Users/johnchmura/code/lpc-language-server/efuns/fluffos/lpc-config.json
Info 23   [12:12:13.889] 	FileName: /Users/johnchmura/code/lpc-language-server/efuns/fluffos/mudlib.h ProjectRootPath: undefined
Info 23   [12:12:13.889] 		Projects: /Users/johnchmura/code/lpc-language-server/efuns/fluffos/lpc-config.json
Info 23   [12:12:13.889] 	FileName: /Users/johnchmura/code/lpc-language-server/efuns/fluffos/misc.h ProjectRootPath: undefined
Info 23   [12:12:13.889] 		Projects: /Users/johnchmura/code/lpc-language-server/efuns/fluffos/lpc-config.json
